<?xml version="1.0" encoding="UTF-8"?>
<testsuite name="ex1.TriangleTest" tests="3" skipped="0" failures="1" errors="0" timestamp="2021-03-11T10:38:09" hostname="maxja-huawai-laptop" time="0.207">
  <properties/>
  <testcase name="testBarycentricCoordinatesOfCornersInside" classname="ex1.TriangleTest" time="0.015"/>
  <testcase name="testPlasteredImage" classname="ex1.TriangleTest" time="0.167">
    <failure message="java.lang.AssertionError: Plastered image contains gaps." type="java.lang.AssertionError">java.lang.AssertionError: Plastered image contains gaps.
	at org.junit.Assert.fail(Assert.java:88)
	at org.junit.Assert.assertTrue(Assert.java:41)
	at org.junit.Assert.assertNotNull(Assert.java:712)
	at ex1.TriangleTest.testPlasteredImage(TriangleTest.java:90)
	at java.base/jdk.internal.reflect.NativeMethodAccessorImpl.invoke0(Native Method)
	at java.base/jdk.internal.reflect.NativeMethodAccessorImpl.invoke(NativeMethodAccessorImpl.java:62)
	at java.base/jdk.internal.reflect.DelegatingMethodAccessorImpl.invoke(DelegatingMethodAccessorImpl.java:43)
	at java.base/java.lang.reflect.Method.invoke(Method.java:566)
	at org.junit.runners.model.FrameworkMethod$1.runReflectiveCall(FrameworkMethod.java:50)
	at org.junit.internal.runners.model.ReflectiveCallable.run(ReflectiveCallable.java:12)
	at org.junit.runners.model.FrameworkMethod.invokeExplosively(FrameworkMethod.java:47)
	at org.junit.internal.runners.statements.InvokeMethod.evaluate(InvokeMethod.java:17)
	at org.junit.internal.runners.statements.RunBefores.evaluate(RunBefores.java:26)
	at org.junit.runners.ParentRunner.runLeaf(ParentRunner.java:325)
	at org.junit.runners.BlockJUnit4ClassRunner.runChild(BlockJUnit4ClassRunner.java:78)
	at org.junit.runners.BlockJUnit4ClassRunner.runChild(BlockJUnit4ClassRunner.java:57)
	at org.junit.runners.ParentRunner$3.run(ParentRunner.java:290)
	at org.junit.runners.ParentRunner$1.schedule(ParentRunner.java:71)
	at org.junit.runners.ParentRunner.runChildren(ParentRunner.java:288)
	at org.junit.runners.ParentRunner.access$000(ParentRunner.java:58)
	at org.junit.runners.ParentRunner$2.evaluate(ParentRunner.java:268)
	at org.junit.runners.ParentRunner.run(ParentRunner.java:363)
	at org.gradle.api.internal.tasks.testing.junit.JUnitTestClassExecutor.runTestClass(JUnitTestClassExecutor.java:110)
	at org.gradle.api.internal.tasks.testing.junit.JUnitTestClassExecutor.execute(JUnitTestClassExecutor.java:58)
	at org.gradle.api.internal.tasks.testing.junit.JUnitTestClassExecutor.execute(JUnitTestClassExecutor.java:38)
	at org.gradle.api.internal.tasks.testing.junit.AbstractJUnitTestClassProcessor.processTestClass(AbstractJUnitTestClassProcessor.java:62)
	at org.gradle.api.internal.tasks.testing.SuiteTestClassProcessor.processTestClass(SuiteTestClassProcessor.java:51)
	at java.base/jdk.internal.reflect.NativeMethodAccessorImpl.invoke0(Native Method)
	at java.base/jdk.internal.reflect.NativeMethodAccessorImpl.invoke(NativeMethodAccessorImpl.java:62)
	at java.base/jdk.internal.reflect.DelegatingMethodAccessorImpl.invoke(DelegatingMethodAccessorImpl.java:43)
	at java.base/java.lang.reflect.Method.invoke(Method.java:566)
	at org.gradle.internal.dispatch.ReflectionDispatch.dispatch(ReflectionDispatch.java:35)
	at org.gradle.internal.dispatch.ReflectionDispatch.dispatch(ReflectionDispatch.java:24)
	at org.gradle.internal.dispatch.ContextClassLoaderDispatch.dispatch(ContextClassLoaderDispatch.java:32)
	at org.gradle.internal.dispatch.ProxyDispatchAdapter$DispatchingInvocationHandler.invoke(ProxyDispatchAdapter.java:93)
	at com.sun.proxy.$Proxy2.processTestClass(Unknown Source)
	at org.gradle.api.internal.tasks.testing.worker.TestWorker.processTestClass(TestWorker.java:118)
	at java.base/jdk.internal.reflect.NativeMethodAccessorImpl.invoke0(Native Method)
	at java.base/jdk.internal.reflect.NativeMethodAccessorImpl.invoke(NativeMethodAccessorImpl.java:62)
	at java.base/jdk.internal.reflect.DelegatingMethodAccessorImpl.invoke(DelegatingMethodAccessorImpl.java:43)
	at java.base/java.lang.reflect.Method.invoke(Method.java:566)
	at org.gradle.internal.dispatch.ReflectionDispatch.dispatch(ReflectionDispatch.java:35)
	at org.gradle.internal.dispatch.ReflectionDispatch.dispatch(ReflectionDispatch.java:24)
	at org.gradle.internal.remote.internal.hub.MessageHubBackedObjectConnection$DispatchWrapper.dispatch(MessageHubBackedObjectConnection.java:175)
	at org.gradle.internal.remote.internal.hub.MessageHubBackedObjectConnection$DispatchWrapper.dispatch(MessageHubBackedObjectConnection.java:157)
	at org.gradle.internal.remote.internal.hub.MessageHub$Handler.run(MessageHub.java:404)
	at org.gradle.internal.concurrent.ExecutorPolicy$CatchAndRecordFailures.onExecute(ExecutorPolicy.java:63)
	at org.gradle.internal.concurrent.ManagedExecutorImpl$1.run(ManagedExecutorImpl.java:46)
	at java.base/java.util.concurrent.ThreadPoolExecutor.runWorker(ThreadPoolExecutor.java:1128)
	at java.base/java.util.concurrent.ThreadPoolExecutor$Worker.run(ThreadPoolExecutor.java:628)
	at org.gradle.internal.concurrent.ThreadFactoryImpl$ManagedThreadRunnable.run(ThreadFactoryImpl.java:55)
	at java.base/java.lang.Thread.run(Thread.java:834)
</failure>
  </testcase>
  <testcase name="testBarycentricCoordinatesOfEdgeInside" classname="ex1.TriangleTest" time="0.023"/>
  <system-out><![CDATA[1.0
Should be: (0.000000, 0.000000), is actually (0.000000, 0.000000) 
1.0
Should be: (20.000000, 30.000000), is actually (20.000000, 30.000000) 
1.0
Should be: (30.000000, -5.000000), is actually (30.000000, -5.000000) 
1.0
Should be: (0.000000, 0.000000), is actually (0.000000, 0.000000) 
1.0
Should be: (10.000000, -20.000000), is actually (10.000000, -20.000000) 
1.0
Should be: (30.000000, -5.000000), is actually (30.000000, -5.000000) 
1.0
Should be: (0.000000, 0.000000), is actually (0.000000, 0.000000) 
1.0
Should be: (1.000000, -0.166667), is actually (1.000000, -0.166667) 
1.0
Should be: (2.000000, -0.333333), is actually (2.000000, -0.333333) 
1.0
Should be: (3.000000, -0.500000), is actually (3.000000, -0.500000) 
1.0
Should be: (4.000000, -0.666667), is actually (4.000000, -0.666667) 
1.0
Should be: (5.000000, -0.833333), is actually (5.000000, -0.833333) 
1.0
Should be: (6.000000, -1.000000), is actually (6.000000, -1.000000) 
1.0
Should be: (7.000000, -1.166667), is actually (7.000000, -1.166667) 
1.0
Should be: (8.000000, -1.333333), is actually (8.000000, -1.333333) 
1.0
Should be: (9.000000, -1.500000), is actually (9.000000, -1.500000) 
1.0
Should be: (10.000000, -1.666667), is actually (10.000000, -1.666667) 
1.0
Should be: (11.000000, -1.833333), is actually (11.000000, -1.833333) 
1.0
Should be: (12.000000, -2.000000), is actually (12.000000, -2.000000) 
1.0
Should be: (13.000000, -2.166667), is actually (13.000000, -2.166667) 
1.0
Should be: (14.000000, -2.333333), is actually (14.000000, -2.333333) 
1.0
Should be: (15.000000, -2.500000), is actually (15.000000, -2.500000) 
1.0
Should be: (16.000000, -2.666667), is actually (16.000000, -2.666667) 
1.0
Should be: (17.000000, -2.833333), is actually (17.000000, -2.833333) 
1.0
Should be: (18.000000, -3.000000), is actually (18.000000, -3.000000) 
1.0
Should be: (19.000000, -3.166667), is actually (19.000000, -3.166667) 
1.0
Should be: (20.000000, -3.333333), is actually (20.000000, -3.333333) 
1.0
Should be: (21.000000, -3.500000), is actually (21.000000, -3.500000) 
1.0
Should be: (22.000000, -3.666667), is actually (22.000000, -3.666667) 
1.0
Should be: (23.000000, -3.833333), is actually (23.000000, -3.833333) 
1.0
Should be: (24.000000, -4.000000), is actually (24.000000, -4.000000) 
1.0
Should be: (25.000000, -4.166667), is actually (25.000000, -4.166667) 
1.0
Should be: (25.000000, -4.166667), is actually (25.000000, -4.166667) 
1.0
Should be: (26.000000, -4.333333), is actually (26.000000, -4.333333) 
1.0
Should be: (27.000000, -4.500000), is actually (27.000000, -4.500000) 
1.0
Should be: (28.000000, -4.666667), is actually (28.000000, -4.666667) 
1.0
Should be: (29.000000, -4.833333), is actually (29.000000, -4.833333) 
1.0
Should be: (30.000000, -5.000000), is actually (30.000000, -5.000000) 
]]></system-out>
  <system-err><![CDATA[]]></system-err>
</testsuite>
